Determining if the pthread_create exist failed with the following output:
Change Dir: /home/zhongliang/yuangao/roscode/catkin_workspace/build/cv_bridge/CMakeFiles/CMakeTmp

Run Build Command:"/usr/bin/make" "cmTC_5e9fc/fast"
/usr/bin/make -f CMakeFiles/cmTC_5e9fc.dir/build.make CMakeFiles/cmTC_5e9fc.dir/build
make[1]: Entering directory '/home/zhongliang/yuangao/roscode/catkin_workspace/build/cv_bridge/CMakeFiles/CMakeTmp'
Building C object CMakeFiles/cmTC_5e9fc.dir/CheckSymbolExists.c.o
/usr/bin/cc    -o CMakeFiles/cmTC_5e9fc.dir/CheckSymbolExists.c.o   -c /home/zhongliang/yuangao/roscode/catkin_workspace/build/cv_bridge/CMakeFiles/CMakeTmp/CheckSymbolExists.c
Linking C executable cmTC_5e9fc
/usr/bin/cmake -E cmake_link_script CMakeFiles/cmTC_5e9fc.dir/link.txt --verbose=1
/usr/bin/cc      -rdynamic CMakeFiles/cmTC_5e9fc.dir/CheckSymbolExists.c.o  -o cmTC_5e9fc 
CMakeFiles/cmTC_5e9fc.dir/CheckSymbolExists.c.o: In function `main':
CheckSymbolExists.c:(.text+0x1b): undefined reference to `pthread_create'
collect2: error: ld returned 1 exit status
CMakeFiles/cmTC_5e9fc.dir/build.make:97: recipe for target 'cmTC_5e9fc' failed
make[1]: *** [cmTC_5e9fc] Error 1
make[1]: Leaving directory '/home/zhongliang/yuangao/roscode/catkin_workspace/build/cv_bridge/CMakeFiles/CMakeTmp'
Makefile:126: recipe for target 'cmTC_5e9fc/fast' failed
make: *** [cmTC_5e9fc/fast] Error 2

File /home/zhongliang/yuangao/roscode/catkin_workspace/build/cv_bridge/CMakeFiles/CMakeTmp/CheckSymbolExists.c:
/* */
#include <pthread.h>

int main(int argc, char** argv)
{
  (void)argv;
#ifndef pthread_create
  return ((int*)(&pthread_create))[argc];
#else
  (void)argc;
  return 0;
#endif
}

Determining if the function pthread_create exists in the pthreads failed with the following output:
Change Dir: /home/zhongliang/yuangao/roscode/catkin_workspace/build/cv_bridge/CMakeFiles/CMakeTmp

Run Build Command:"/usr/bin/make" "cmTC_9f725/fast"
/usr/bin/make -f CMakeFiles/cmTC_9f725.dir/build.make CMakeFiles/cmTC_9f725.dir/build
make[1]: Entering directory '/home/zhongliang/yuangao/roscode/catkin_workspace/build/cv_bridge/CMakeFiles/CMakeTmp'
Building C object CMakeFiles/cmTC_9f725.dir/CheckFunctionExists.c.o
/usr/bin/cc   -DCHECK_FUNCTION_EXISTS=pthread_create   -o CMakeFiles/cmTC_9f725.dir/CheckFunctionExists.c.o   -c /usr/share/cmake-3.10/Modules/CheckFunctionExists.c
Linking C executable cmTC_9f725
/usr/bin/cmake -E cmake_link_script CMakeFiles/cmTC_9f725.dir/link.txt --verbose=1
/usr/bin/cc  -DCHECK_FUNCTION_EXISTS=pthread_create    -rdynamic CMakeFiles/cmTC_9f725.dir/CheckFunctionExists.c.o  -o cmTC_9f725 -lpthreads 
/usr/bin/ld: cannot find -lpthreads
collect2: error: ld returned 1 exit status
CMakeFiles/cmTC_9f725.dir/build.make:97: recipe for target 'cmTC_9f725' failed
make[1]: *** [cmTC_9f725] Error 1
make[1]: Leaving directory '/home/zhongliang/yuangao/roscode/catkin_workspace/build/cv_bridge/CMakeFiles/CMakeTmp'
Makefile:126: recipe for target 'cmTC_9f725/fast' failed
make: *** [cmTC_9f725/fast] Error 2


