Determining if the pthread_create exist failed with the following output:
Change Dir: /home/zhongliang/yuangao/roscode/catkin_workspace/build/catkin_tools_prebuild/CMakeFiles/CMakeTmp

Run Build Command:"/usr/bin/make" "cmTC_4a4cb/fast"
/usr/bin/make -f CMakeFiles/cmTC_4a4cb.dir/build.make CMakeFiles/cmTC_4a4cb.dir/build
make[1]: Entering directory '/home/zhongliang/yuangao/roscode/catkin_workspace/build/catkin_tools_prebuild/CMakeFiles/CMakeTmp'
Building C object CMakeFiles/cmTC_4a4cb.dir/CheckSymbolExists.c.o
/usr/bin/cc    -o CMakeFiles/cmTC_4a4cb.dir/CheckSymbolExists.c.o   -c /home/zhongliang/yuangao/roscode/catkin_workspace/build/catkin_tools_prebuild/CMakeFiles/CMakeTmp/CheckSymbolExists.c
Linking C executable cmTC_4a4cb
/usr/bin/cmake -E cmake_link_script CMakeFiles/cmTC_4a4cb.dir/link.txt --verbose=1
/usr/bin/cc      -rdynamic CMakeFiles/cmTC_4a4cb.dir/CheckSymbolExists.c.o  -o cmTC_4a4cb 
CMakeFiles/cmTC_4a4cb.dir/CheckSymbolExists.c.o: In function `main':
CheckSymbolExists.c:(.text+0x1b): undefined reference to `pthread_create'
collect2: error: ld returned 1 exit status
CMakeFiles/cmTC_4a4cb.dir/build.make:97: recipe for target 'cmTC_4a4cb' failed
make[1]: *** [cmTC_4a4cb] Error 1
make[1]: Leaving directory '/home/zhongliang/yuangao/roscode/catkin_workspace/build/catkin_tools_prebuild/CMakeFiles/CMakeTmp'
Makefile:126: recipe for target 'cmTC_4a4cb/fast' failed
make: *** [cmTC_4a4cb/fast] Error 2

File /home/zhongliang/yuangao/roscode/catkin_workspace/build/catkin_tools_prebuild/CMakeFiles/CMakeTmp/CheckSymbolExists.c:
/* */
#include <pthread.h>

int main(int argc, char** argv)
{
  (void)argv;
#ifndef pthread_create
  return ((int*)(&pthread_create))[argc];
#else
  (void)argc;
  return 0;
#endif
}

Determining if the function pthread_create exists in the pthreads failed with the following output:
Change Dir: /home/zhongliang/yuangao/roscode/catkin_workspace/build/catkin_tools_prebuild/CMakeFiles/CMakeTmp

Run Build Command:"/usr/bin/make" "cmTC_324eb/fast"
/usr/bin/make -f CMakeFiles/cmTC_324eb.dir/build.make CMakeFiles/cmTC_324eb.dir/build
make[1]: Entering directory '/home/zhongliang/yuangao/roscode/catkin_workspace/build/catkin_tools_prebuild/CMakeFiles/CMakeTmp'
Building C object CMakeFiles/cmTC_324eb.dir/CheckFunctionExists.c.o
/usr/bin/cc   -DCHECK_FUNCTION_EXISTS=pthread_create   -o CMakeFiles/cmTC_324eb.dir/CheckFunctionExists.c.o   -c /usr/share/cmake-3.10/Modules/CheckFunctionExists.c
Linking C executable cmTC_324eb
/usr/bin/cmake -E cmake_link_script CMakeFiles/cmTC_324eb.dir/link.txt --verbose=1
/usr/bin/cc  -DCHECK_FUNCTION_EXISTS=pthread_create    -rdynamic CMakeFiles/cmTC_324eb.dir/CheckFunctionExists.c.o  -o cmTC_324eb -lpthreads 
/usr/bin/ld: cannot find -lpthreads
collect2: error: ld returned 1 exit status
CMakeFiles/cmTC_324eb.dir/build.make:97: recipe for target 'cmTC_324eb' failed
make[1]: *** [cmTC_324eb] Error 1
make[1]: Leaving directory '/home/zhongliang/yuangao/roscode/catkin_workspace/build/catkin_tools_prebuild/CMakeFiles/CMakeTmp'
Makefile:126: recipe for target 'cmTC_324eb/fast' failed
make: *** [cmTC_324eb/fast] Error 2


